2026-04-02 12:07:06 INFO --> #################### Arguments: ####################
2026-04-02 12:07:06 INFO --> 	expr: gp-edm_cfd_interp48_smoke
2026-04-02 12:07:06 INFO --> 	dataset: cfd_interp48_smoke
2026-04-02 12:07:06 INFO --> 	core_path: data/core_cfd_interp48_4x8x8_2026_01_16_145715_last.mat
2026-04-02 12:07:06 INFO --> 	spatial_dims: 3
2026-04-02 12:07:06 INFO --> 	img_size_3d: [4, 8, 8]
2026-04-02 12:07:06 INFO --> 	seed: 231
2026-04-02 12:07:06 INFO --> 	train_batch_size: 1
2026-04-02 12:07:06 INFO --> 	num_steps: 2
2026-04-02 12:07:06 INFO --> 	learning_rate: 0.0002
2026-04-02 12:07:06 INFO --> 	accumulation_steps: 2
2026-04-02 12:07:06 INFO --> 	save_model_iters: 1
2026-04-02 12:07:06 INFO --> 	log_step: 1
2026-04-02 12:07:06 INFO --> 	train_dataset: True
2026-04-02 12:07:06 INFO --> 	desired_class: all
2026-04-02 12:07:06 INFO --> 	train_progress_bar: True
2026-04-02 12:07:06 INFO --> 	warmup: 1
2026-04-02 12:07:06 INFO --> 	gt_guide_type: l2
2026-04-02 12:07:06 INFO --> 	sigma_min: 0.002
2026-04-02 12:07:06 INFO --> 	sigma_max: 80.0
2026-04-02 12:07:06 INFO --> 	rho: 7.0
2026-04-02 12:07:06 INFO --> 	sigma_data: 0.5
2026-04-02 12:07:06 INFO --> 	total_steps: 20
2026-04-02 12:07:06 INFO --> 	save_signals_step: 0
2026-04-02 12:07:06 INFO --> 	eval_batch_size: 64
2026-04-02 12:07:06 INFO --> 	begin_ckpt: 0
2026-04-02 12:07:06 INFO --> 	img_size: 48
2026-04-02 12:07:06 INFO --> 	channels: 1
2026-04-02 12:07:06 INFO --> 	model_channels: 40
2026-04-02 12:07:06 INFO --> 	channel_mult: [1, 2, 2]
2026-04-02 12:07:06 INFO --> 	attn_resolutions: []
2026-04-02 12:07:06 INFO --> 	num_layers: 4
2026-04-02 12:07:06 INFO --> 	layers_per_block: 4
2026-04-02 12:07:06 INFO --> 	num_temporal_latent: 8
2026-04-02 12:07:06 INFO --> 	device: cuda:0
2026-04-02 12:07:06 INFO --> length of training loader: 1
2026-04-02 12:07:06 INFO --> total number of trainable parameters in the Score Model: 19201641
2026-04-02 12:07:06 INFO --> total number of parameters in the Score Model: 19201641
2026-04-02 12:07:06 INFO --> #################### Model: ####################
2026-04-02 12:07:06 INFO --> number of trainable parameters of phi model in optimizer: 19201641
2026-04-02 12:07:11 INFO --> #################### Training ####################
2026-04-02 12:07:12 INFO --> step: 00000000, current lr: 0.000000 average loss: 0.9677659273; batch loss: 0.9677659273
2026-04-02 12:07:13 INFO --> step: 00000001, current lr: 0.000200 average loss: 0.9909216166; batch loss: 1.0140773058
