2026-04-04 14:12:30 INFO --> #################### Arguments: ####################
2026-04-04 14:12:30 INFO --> 	expr: exps_cfd16_t120_smoke
2026-04-04 14:12:30 INFO --> 	dataset: cfd16_t120_smoke
2026-04-04 14:12:30 INFO --> 	core_path: data/core_cfd16_t120_smoke_4x8x8_2026_04_04_141155_last.mat
2026-04-04 14:12:30 INFO --> 	spatial_dims: 3
2026-04-04 14:12:30 INFO --> 	img_size_3d: [4, 8, 8]
2026-04-04 14:12:30 INFO --> 	seed: 231
2026-04-04 14:12:30 INFO --> 	train_batch_size: 1
2026-04-04 14:12:30 INFO --> 	num_steps: 1
2026-04-04 14:12:30 INFO --> 	learning_rate: 0.0002
2026-04-04 14:12:30 INFO --> 	accumulation_steps: 2
2026-04-04 14:12:30 INFO --> 	save_model_iters: 1
2026-04-04 14:12:30 INFO --> 	log_step: 1
2026-04-04 14:12:30 INFO --> 	train_dataset: True
2026-04-04 14:12:30 INFO --> 	desired_class: all
2026-04-04 14:12:30 INFO --> 	train_progress_bar: True
2026-04-04 14:12:30 INFO --> 	warmup: 5000
2026-04-04 14:12:30 INFO --> 	gt_guide_type: l2
2026-04-04 14:12:30 INFO --> 	sigma_min: 0.002
2026-04-04 14:12:30 INFO --> 	sigma_max: 80.0
2026-04-04 14:12:30 INFO --> 	rho: 7.0
2026-04-04 14:12:30 INFO --> 	sigma_data: 0.5
2026-04-04 14:12:30 INFO --> 	total_steps: 30
2026-04-04 14:12:30 INFO --> 	save_signals_step: 500
2026-04-04 14:12:30 INFO --> 	eval_batch_size: 64
2026-04-04 14:12:30 INFO --> 	begin_ckpt: 0
2026-04-04 14:12:30 INFO --> 	img_size: 48
2026-04-04 14:12:30 INFO --> 	channels: 1
2026-04-04 14:12:30 INFO --> 	model_channels: 40
2026-04-04 14:12:30 INFO --> 	channel_mult: [1, 2, 2]
2026-04-04 14:12:30 INFO --> 	attn_resolutions: []
2026-04-04 14:12:30 INFO --> 	num_layers: 4
2026-04-04 14:12:30 INFO --> 	layers_per_block: 4
2026-04-04 14:12:30 INFO --> 	num_temporal_latent: 8
2026-04-04 14:12:30 INFO --> 	device: cuda:0
2026-04-04 14:12:30 INFO --> length of training loader: 16
2026-04-04 14:12:30 INFO --> total number of trainable parameters in the Score Model: 19201641
2026-04-04 14:12:30 INFO --> total number of parameters in the Score Model: 19201641
2026-04-04 14:12:31 INFO --> #################### Model: ####################
2026-04-04 14:12:31 INFO --> number of trainable parameters of phi model in optimizer: 19201641
2026-04-04 14:12:34 INFO --> #################### Training ####################
2026-04-04 14:12:35 INFO --> step: 00000000, current lr: 0.000000 average loss: 0.8284209967; batch loss: 0.8284209967
